<?xml version="1.0" encoding="UTF-8"?>
<!-- Generated by org.testng.reporters.JUnitReportReporter -->
<testsuite hostname="WIN-1IR2M5Q1JFV" failures="0" tests="1" name="tests.BookingApiTest" time="2.575" errors="0" timestamp="2024-11-13T17:08:24 MSK" skipped="0">
  <testcase classname="tests.BookingApiTest" name="getBooking" time="2.575"/>
  <system-out/>
</testsuite> <!-- tests.BookingApiTest -->
